2019-02-25 15:01:04 [scrapy.utils.log] INFO: Scrapy 1.5.1 started (bot: praise)
2019-02-25 15:01:04 [scrapy.utils.log] INFO: Versions: lxml 4.3.0.0, libxml2 2.9.9, cssselect 1.0.3, parsel 1.5.1, w3lib 1.19.0, Twisted 18.9.0, Python 3.7.1 (v3.7.1:260ec2c36a, Oct 20 2018, 03:13:28) - [Clang 6.0 (clang-600.0.57)], pyOpenSSL 18.0.0 (OpenSSL 1.1.0j  20 Nov 2018), cryptography 2.4.2, Platform Darwin-16.7.0-x86_64-i386-64bit
2019-02-25 15:01:04 [scrapy.crawler] INFO: Overridden settings: {'AUTOTHROTTLE_ENABLED': True, 'BOT_NAME': 'praise', 'LOG_FILE': '/Volumes/Bdisk/www/pyproject/praise/log/logs.log', 'LOG_LEVEL': 'INFO', 'MEMUSAGE_LIMIT_MB': 2048, 'MEMUSAGE_NOTIFY_MAIL': 'lsg9012@qq.com', 'MEMUSAGE_WARNING_MB': 800, 'NEWSPIDER_MODULE': 'praise.spiders', 'ROBOTSTXT_OBEY': True, 'SPIDER_LOADER_WARN_ONLY': True, 'SPIDER_MODULES': ['praise.spiders'], 'USER_AGENT': 'iPhone\t12.1.2\tautohome\t9.8.5\tiPhone'}
2019-02-25 15:01:05 [scrapy.middleware] INFO: Enabled extensions:
['scrapy.extensions.corestats.CoreStats',
 'scrapy.extensions.logstats.LogStats',
 'scrapy.extensions.spiderstate.SpiderState',
 'scrapy.extensions.throttle.AutoThrottle',
 'scrapy.extensions.telnet.TelnetConsole',
 'scrapy.extensions.memusage.MemoryUsage']
2019-02-25 15:01:05 [scrapy.middleware] INFO: Enabled downloader middlewares:
['scrapy.downloadermiddlewares.robotstxt.RobotsTxtMiddleware',
 'scrapy.downloadermiddlewares.httpauth.HttpAuthMiddleware',
 'scrapy.downloadermiddlewares.downloadtimeout.DownloadTimeoutMiddleware',
 'scrapy.downloadermiddlewares.defaultheaders.DefaultHeadersMiddleware',
 'scrapy.downloadermiddlewares.useragent.UserAgentMiddleware',
 'scrapy.downloadermiddlewares.retry.RetryMiddleware',
 'scrapy.downloadermiddlewares.redirect.MetaRefreshMiddleware',
 'scrapy.downloadermiddlewares.httpcompression.HttpCompressionMiddleware',
 'scrapy.downloadermiddlewares.redirect.RedirectMiddleware',
 'scrapy.downloadermiddlewares.cookies.CookiesMiddleware',
 'scrapy.downloadermiddlewares.httpproxy.HttpProxyMiddleware',
 'scrapy.downloadermiddlewares.stats.DownloaderStats']
2019-02-25 15:01:05 [scrapy.middleware] INFO: Enabled spider middlewares:
['scrapy.spidermiddlewares.httperror.HttpErrorMiddleware',
 'scrapy.spidermiddlewares.offsite.OffsiteMiddleware',
 'scrapy.spidermiddlewares.referer.RefererMiddleware',
 'scrapy.spidermiddlewares.urllength.UrlLengthMiddleware',
 'scrapy.spidermiddlewares.depth.DepthMiddleware']
2019-02-25 15:01:05 [scrapy.middleware] INFO: Enabled item pipelines:
['praise.csvpipline.CsvPipline']
2019-02-25 15:01:05 [scrapy.core.engine] INFO: Spider opened
2019-02-25 15:01:05 [scrapy.extensions.logstats] INFO: Crawled 0 pages (at 0 pages/min), scraped 0 items (at 0 items/min)
2019-02-25 15:01:10 [scrapy.core.downloader.tls] WARNING: Ignoring error while verifying certificate from host "123.138.60.191" (exception: ValueError('Invalid DNS-ID.'))
2019-02-25 15:01:17 [scrapy.core.downloader.tls] WARNING: Ignoring error while verifying certificate from host "123.138.60.191" (exception: ValueError('Invalid DNS-ID.'))
2019-02-25 15:01:20 [autohome] WARNING: request data an empty: url https://koubei.app.autohome.com.cn/autov9.8.5/alibi/specsalibiinfos-pm2-sp35175-st0-p1-s20-isstruct1-o0-a0.json
2019-02-25 15:01:22 [autohome] WARNING: request data an empty: url https://koubei.app.autohome.com.cn/autov9.8.5/alibi/specsalibiinfos-pm2-sp35769-st0-p1-s20-isstruct1-o0-a0.json
2019-02-25 15:01:28 [scrapy.core.downloader.tls] WARNING: Ignoring error while verifying certificate from host "123.138.60.191" (exception: ValueError('Invalid DNS-ID.'))
2019-02-25 15:01:52 [scrapy.core.engine] INFO: Closing spider (finished)
2019-02-25 15:01:52 [scrapy.statscollectors] INFO: Dumping Scrapy stats:
{'downloader/request_bytes': 89228,
 'downloader/request_count': 198,
 'downloader/request_method_count/GET': 198,
 'downloader/response_bytes': 887796,
 'downloader/response_count': 198,
 'downloader/response_status_count/200': 196,
 'downloader/response_status_count/404': 2,
 'dupefilter/filtered': 50,
 'finish_reason': 'finished',
 'finish_time': datetime.datetime(2019, 2, 25, 7, 1, 52, 955718),
 'item_scraped_count': 178,
 'log_count/INFO': 7,
 'log_count/WARNING': 5,
 'memusage/max': 45559808,
 'memusage/startup': 45559808,
 'request_depth_max': 2,
 'response_received_count': 198,
 'scheduler/dequeued': 196,
 'scheduler/dequeued/disk': 196,
 'scheduler/enqueued': 196,
 'scheduler/enqueued/disk': 196,
 'start_time': datetime.datetime(2019, 2, 25, 7, 1, 5, 82534)}
2019-02-25 15:01:52 [scrapy.core.engine] INFO: Spider closed (finished)
